<?xml version="1.0" encoding="UTF-8"?>
<!-- Generated by org.testng.reporters.JUnitReportReporter -->
<testsuite hostname="Akshays-MacBook-Air.local" failures="0" tests="2" name="base.BrowserTest" time="18.936" errors="0" timestamp="19 Oct 2020 17:02:42 GMT" skipped="0">
  <testcase classname="base.BrowserTest" name="setUpBrowser" time="14.116"/>
  <testcase classname="base.BrowserTest" name="login" time="4.820"/>
</testsuite> <!-- base.BrowserTest -->
